<?xml version="1.0" encoding="UTF-8"?>
<testsuite xmlns:xsi="http://www.w3.org/2001/XMLSchema-instance" xsi:noNamespaceSchemaLocation="https://maven.apache.org/surefire/maven-surefire-plugin/xsd/surefire-test-report-3.0.xsd" version="3.0" name="Important.TestRunner" time="23.266" tests="1" errors="0" skipped="0" failures="1">
  <properties>
    <property name="java.specification.version" value="22"/>
    <property name="sun.jnu.encoding" value="UTF-8"/>
    <property name="java.class.path" value="/Users/sudersonabasu/IdeaProjects/TestFrameworkSeleniumCucumber/target/test-classes:/Users/sudersonabasu/IdeaProjects/TestFrameworkSeleniumCucumber/target/classes:/Users/sudersonabasu/.m2/repository/org/seleniumhq/selenium/selenium-java/4.0.0/selenium-java-4.0.0.jar:/Users/sudersonabasu/.m2/repository/org/seleniumhq/selenium/selenium-api/4.0.0/selenium-api-4.0.0.jar:/Users/sudersonabasu/.m2/repository/org/seleniumhq/selenium/selenium-chrome-driver/4.0.0/selenium-chrome-driver-4.0.0.jar:/Users/sudersonabasu/.m2/repository/com/google/auto/service/auto-service-annotations/1.0/auto-service-annotations-1.0.jar:/Users/sudersonabasu/.m2/repository/com/google/auto/service/auto-service/1.0/auto-service-1.0.jar:/Users/sudersonabasu/.m2/repository/com/google/auto/auto-common/1.0/auto-common-1.0.jar:/Users/sudersonabasu/.m2/repository/com/google/guava/guava/31.0.1-jre/guava-31.0.1-jre.jar:/Users/sudersonabasu/.m2/repository/com/google/guava/failureaccess/1.0.1/failureaccess-1.0.1.jar:/Users/sudersonabasu/.m2/repository/com/google/guava/listenablefuture/9999.0-empty-to-avoid-conflict-with-guava/listenablefuture-9999.0-empty-to-avoid-conflict-with-guava.jar:/Users/sudersonabasu/.m2/repository/com/google/code/findbugs/jsr305/3.0.2/jsr305-3.0.2.jar:/Users/sudersonabasu/.m2/repository/org/checkerframework/checker-qual/3.12.0/checker-qual-3.12.0.jar:/Users/sudersonabasu/.m2/repository/com/google/errorprone/error_prone_annotations/2.7.1/error_prone_annotations-2.7.1.jar:/Users/sudersonabasu/.m2/repository/com/google/j2objc/j2objc-annotations/1.3/j2objc-annotations-1.3.jar:/Users/sudersonabasu/.m2/repository/org/seleniumhq/selenium/selenium-chromium-driver/4.0.0/selenium-chromium-driver-4.0.0.jar:/Users/sudersonabasu/.m2/repository/org/seleniumhq/selenium/selenium-json/4.0.0/selenium-json-4.0.0.jar:/Users/sudersonabasu/.m2/repository/org/seleniumhq/selenium/selenium-devtools-v85/4.0.0/selenium-devtools-v85-4.0.0.jar:/Users/sudersonabasu/.m2/repository/org/seleniumhq/selenium/selenium-devtools-v93/4.0.0/selenium-devtools-v93-4.0.0.jar:/Users/sudersonabasu/.m2/repository/org/seleniumhq/selenium/selenium-devtools-v94/4.0.0/selenium-devtools-v94-4.0.0.jar:/Users/sudersonabasu/.m2/repository/org/seleniumhq/selenium/selenium-devtools-v95/4.0.0/selenium-devtools-v95-4.0.0.jar:/Users/sudersonabasu/.m2/repository/org/seleniumhq/selenium/selenium-edge-driver/4.0.0/selenium-edge-driver-4.0.0.jar:/Users/sudersonabasu/.m2/repository/org/seleniumhq/selenium/selenium-firefox-driver/4.0.0/selenium-firefox-driver-4.0.0.jar:/Users/sudersonabasu/.m2/repository/org/seleniumhq/selenium/selenium-firefox-xpi-driver/4.0.0/selenium-firefox-xpi-driver-4.0.0.jar:/Users/sudersonabasu/.m2/repository/org/seleniumhq/selenium/selenium-ie-driver/4.0.0/selenium-ie-driver-4.0.0.jar:/Users/sudersonabasu/.m2/repository/org/seleniumhq/selenium/selenium-opera-driver/4.0.0/selenium-opera-driver-4.0.0.jar:/Users/sudersonabasu/.m2/repository/org/seleniumhq/selenium/selenium-remote-driver/4.0.0/selenium-remote-driver-4.0.0.jar:/Users/sudersonabasu/.m2/repository/io/netty/netty-buffer/4.1.68.Final/netty-buffer-4.1.68.Final.jar:/Users/sudersonabasu/.m2/repository/io/netty/netty-codec-http/4.1.67.Final/netty-codec-http-4.1.67.Final.jar:/Users/sudersonabasu/.m2/repository/io/netty/netty-codec/4.1.67.Final/netty-codec-4.1.67.Final.jar:/Users/sudersonabasu/.m2/repository/io/netty/netty-handler/4.1.67.Final/netty-handler-4.1.67.Final.jar:/Users/sudersonabasu/.m2/repository/io/netty/netty-common/4.1.68.Final/netty-common-4.1.68.Final.jar:/Users/sudersonabasu/.m2/repository/io/netty/netty-transport-native-epoll/4.1.67.Final/netty-transport-native-epoll-4.1.67.Final.jar:/Users/sudersonabasu/.m2/repository/io/netty/netty-transport-native-kqueue/4.1.67.Final/netty-transport-native-kqueue-4.1.67.Final.jar:/Users/sudersonabasu/.m2/repository/io/netty/netty-transport-native-unix-common/4.1.67.Final/netty-transport-native-unix-common-4.1.67.Final.jar:/Users/sudersonabasu/.m2/repository/io/netty/netty-transport/4.1.68.Final/netty-transport-4.1.68.Final.jar:/Users/sudersonabasu/.m2/repository/io/netty/netty-resolver/4.1.68.Final/netty-resolver-4.1.68.Final.jar:/Users/sudersonabasu/.m2/repository/io/opentelemetry/opentelemetry-api/1.6.0/opentelemetry-api-1.6.0.jar:/Users/sudersonabasu/.m2/repository/io/opentelemetry/opentelemetry-context/1.6.0/opentelemetry-context-1.6.0.jar:/Users/sudersonabasu/.m2/repository/io/opentelemetry/opentelemetry-exporter-logging/1.6.0/opentelemetry-exporter-logging-1.6.0.jar:/Users/sudersonabasu/.m2/repository/io/opentelemetry/opentelemetry-sdk-metrics/1.6.0-alpha/opentelemetry-sdk-metrics-1.6.0-alpha.jar:/Users/sudersonabasu/.m2/repository/io/opentelemetry/opentelemetry-sdk-common/1.6.0/opentelemetry-sdk-common-1.6.0.jar:/Users/sudersonabasu/.m2/repository/io/opentelemetry/opentelemetry-sdk-extension-autoconfigure-spi/1.6.0/opentelemetry-sdk-extension-autoconfigure-spi-1.6.0.jar:/Users/sudersonabasu/.m2/repository/io/opentelemetry/opentelemetry-sdk-extension-autoconfigure/1.6.0-alpha/opentelemetry-sdk-extension-autoconfigure-1.6.0-alpha.jar:/Users/sudersonabasu/.m2/repository/io/opentelemetry/opentelemetry-sdk-trace/1.6.0/opentelemetry-sdk-trace-1.6.0.jar:/Users/sudersonabasu/.m2/repository/io/opentelemetry/opentelemetry-api-metrics/1.6.0-alpha/opentelemetry-api-metrics-1.6.0-alpha.jar:/Users/sudersonabasu/.m2/repository/io/opentelemetry/opentelemetry-sdk/1.6.0/opentelemetry-sdk-1.6.0.jar:/Users/sudersonabasu/.m2/repository/io/opentelemetry/opentelemetry-semconv/1.6.0-alpha/opentelemetry-semconv-1.6.0-alpha.jar:/Users/sudersonabasu/.m2/repository/io/ous/jtoml/2.0.0/jtoml-2.0.0.jar:/Users/sudersonabasu/.m2/repository/net/bytebuddy/byte-buddy/1.11.19/byte-buddy-1.11.19.jar:/Users/sudersonabasu/.m2/repository/org/apache/commons/commons-exec/1.3/commons-exec-1.3.jar:/Users/sudersonabasu/.m2/repository/org/asynchttpclient/async-http-client/2.12.3/async-http-client-2.12.3.jar:/Users/sudersonabasu/.m2/repository/org/asynchttpclient/async-http-client-netty-utils/2.12.3/async-http-client-netty-utils-2.12.3.jar:/Users/sudersonabasu/.m2/repository/io/netty/netty-codec-socks/4.1.60.Final/netty-codec-socks-4.1.60.Final.jar:/Users/sudersonabasu/.m2/repository/io/netty/netty-handler-proxy/4.1.60.Final/netty-handler-proxy-4.1.60.Final.jar:/Users/sudersonabasu/.m2/repository/io/netty/netty-transport-native-epoll/4.1.60.Final/netty-transport-native-epoll-4.1.60.Final-linux-x86_64.jar:/Users/sudersonabasu/.m2/repository/io/netty/netty-transport-native-kqueue/4.1.60.Final/netty-transport-native-kqueue-4.1.60.Final-osx-x86_64.jar:/Users/sudersonabasu/.m2/repository/org/reactivestreams/reactive-streams/1.0.3/reactive-streams-1.0.3.jar:/Users/sudersonabasu/.m2/repository/com/typesafe/netty/netty-reactive-streams/2.0.4/netty-reactive-streams-2.0.4.jar:/Users/sudersonabasu/.m2/repository/com/sun/activation/jakarta.activation/1.2.2/jakarta.activation-1.2.2.jar:/Users/sudersonabasu/.m2/repository/org/seleniumhq/selenium/selenium-http/4.0.0/selenium-http-4.0.0.jar:/Users/sudersonabasu/.m2/repository/org/seleniumhq/selenium/selenium-safari-driver/4.0.0/selenium-safari-driver-4.0.0.jar:/Users/sudersonabasu/.m2/repository/org/seleniumhq/selenium/selenium-support/4.0.0/selenium-support-4.0.0.jar:/Users/sudersonabasu/.m2/repository/io/cucumber/cucumber-java/7.0.0/cucumber-java-7.0.0.jar:/Users/sudersonabasu/.m2/repository/io/cucumber/cucumber-core/7.0.0/cucumber-core-7.0.0.jar:/Users/sudersonabasu/.m2/repository/io/cucumber/cucumber-gherkin/7.0.0/cucumber-gherkin-7.0.0.jar:/Users/sudersonabasu/.m2/repository/io/cucumber/cucumber-gherkin-messages/7.0.0/cucumber-gherkin-messages-7.0.0.jar:/Users/sudersonabasu/.m2/repository/io/cucumber/messages/17.1.1/messages-17.1.1.jar:/Users/sudersonabasu/.m2/repository/io/cucumber/tag-expressions/4.0.2/tag-expressions-4.0.2.jar:/Users/sudersonabasu/.m2/repository/io/cucumber/cucumber-expressions/13.0.1/cucumber-expressions-13.0.1.jar:/Users/sudersonabasu/.m2/repository/io/cucumber/datatable/7.0.0/datatable-7.0.0.jar:/Users/sudersonabasu/.m2/repository/io/cucumber/cucumber-plugin/7.0.0/cucumber-plugin-7.0.0.jar:/Users/sudersonabasu/.m2/repository/io/cucumber/docstring/7.0.0/docstring-7.0.0.jar:/Users/sudersonabasu/.m2/repository/io/cucumber/html-formatter/17.0.0/html-formatter-17.0.0.jar:/Users/sudersonabasu/.m2/repository/io/cucumber/create-meta/6.0.1/create-meta-6.0.1.jar:/Users/sudersonabasu/.m2/repository/org/apiguardian/apiguardian-api/1.1.2/apiguardian-api-1.1.2.jar:/Users/sudersonabasu/.m2/repository/io/cucumber/cucumber-junit/7.0.0/cucumber-junit-7.0.0.jar:/Users/sudersonabasu/.m2/repository/junit/junit/4.13.2/junit-4.13.2.jar:/Users/sudersonabasu/.m2/repository/org/hamcrest/hamcrest-core/1.3/hamcrest-core-1.3.jar:/Users/sudersonabasu/.m2/repository/io/cucumber/cucumber-testng/7.11.0/cucumber-testng-7.11.0.jar:/Users/sudersonabasu/.m2/repository/org/testng/testng/7.4.0/testng-7.4.0.jar:/Users/sudersonabasu/.m2/repository/com/beust/jcommander/1.78/jcommander-1.78.jar:/Users/sudersonabasu/.m2/repository/org/webjars/jquery/3.5.1/jquery-3.5.1.jar:/Users/sudersonabasu/.m2/repository/io/github/bonigarcia/webdrivermanager/5.3.0/webdrivermanager-5.3.0.jar:/Users/sudersonabasu/.m2/repository/org/slf4j/slf4j-api/1.7.36/slf4j-api-1.7.36.jar:/Users/sudersonabasu/.m2/repository/com/google/code/gson/gson/2.9.1/gson-2.9.1.jar:/Users/sudersonabasu/.m2/repository/com/github/docker-java/docker-java/3.2.13/docker-java-3.2.13.jar:/Users/sudersonabasu/.m2/repository/com/github/docker-java/docker-java-core/3.2.13/docker-java-core-3.2.13.jar:/Users/sudersonabasu/.m2/repository/com/github/docker-java/docker-java-api/3.2.13/docker-java-api-3.2.13.jar:/Users/sudersonabasu/.m2/repository/com/fasterxml/jackson/core/jackson-annotations/2.10.3/jackson-annotations-2.10.3.jar:/Users/sudersonabasu/.m2/repository/commons-io/commons-io/2.6/commons-io-2.6.jar:/Users/sudersonabasu/.m2/repository/org/apache/commons/commons-compress/1.21/commons-compress-1.21.jar:/Users/sudersonabasu/.m2/repository/com/fasterxml/jackson/core/jackson-databind/2.10.3/jackson-databind-2.10.3.jar:/Users/sudersonabasu/.m2/repository/com/fasterxml/jackson/core/jackson-core/2.10.3/jackson-core-2.10.3.jar:/Users/sudersonabasu/.m2/repository/org/bouncycastle/bcpkix-jdk15on/1.64/bcpkix-jdk15on-1.64.jar:/Users/sudersonabasu/.m2/repository/org/bouncycastle/bcprov-jdk15on/1.64/bcprov-jdk15on-1.64.jar:/Users/sudersonabasu/.m2/repository/org/slf4j/jcl-over-slf4j/1.7.30/jcl-over-slf4j-1.7.30.jar:/Users/sudersonabasu/.m2/repository/com/github/docker-java/docker-java-transport-httpclient5/3.2.13/docker-java-transport-httpclient5-3.2.13.jar:/Users/sudersonabasu/.m2/repository/com/github/docker-java/docker-java-transport/3.2.13/docker-java-transport-3.2.13.jar:/Users/sudersonabasu/.m2/repository/net/java/dev/jna/jna/5.8.0/jna-5.8.0.jar:/Users/sudersonabasu/.m2/repository/org/brotli/dec/0.1.2/dec-0.1.2.jar:/Users/sudersonabasu/.m2/repository/org/apache/commons/commons-lang3/3.12.0/commons-lang3-3.12.0.jar:/Users/sudersonabasu/.m2/repository/org/apache/httpcomponents/client5/httpclient5/5.1.3/httpclient5-5.1.3.jar:/Users/sudersonabasu/.m2/repository/org/apache/httpcomponents/core5/httpcore5/5.1.3/httpcore5-5.1.3.jar:/Users/sudersonabasu/.m2/repository/org/apache/httpcomponents/core5/httpcore5-h2/5.1.3/httpcore5-h2-5.1.3.jar:/Users/sudersonabasu/.m2/repository/commons-codec/commons-codec/1.15/commons-codec-1.15.jar:"/>
    <property name="java.vm.vendor" value="Homebrew"/>
    <property name="sun.arch.data.model" value="64"/>
    <property name="java.vendor.url" value="https://github.com/Homebrew/homebrew-core/issues"/>
    <property name="user.timezone" value="Asia/Kolkata"/>
    <property name="os.name" value="Mac OS X"/>
    <property name="java.vm.specification.version" value="22"/>
    <property name="sun.java.launcher" value="SUN_STANDARD"/>
    <property name="user.country" value="IN"/>
    <property name="sun.boot.library.path" value="/usr/local/Cellar/openjdk/22.0.2/libexec/openjdk.jdk/Contents/Home/lib"/>
    <property name="sun.java.command" value="/Users/sudersonabasu/IdeaProjects/TestFrameworkSeleniumCucumber/target/surefire/surefirebooter-20240823161039151_3.jar /Users/sudersonabasu/IdeaProjects/TestFrameworkSeleniumCucumber/target/surefire 2024-08-23T16-10-38_948-jvmRun1 surefire-20240823161039151_1tmp surefire_0-20240823161039151_2tmp"/>
    <property name="http.nonProxyHosts" value="local|*.local|169.254/16|*.169.254/16"/>
    <property name="jdk.debug" value="release"/>
    <property name="surefire.test.class.path" value="/Users/sudersonabasu/IdeaProjects/TestFrameworkSeleniumCucumber/target/test-classes:/Users/sudersonabasu/IdeaProjects/TestFrameworkSeleniumCucumber/target/classes:/Users/sudersonabasu/.m2/repository/org/seleniumhq/selenium/selenium-java/4.0.0/selenium-java-4.0.0.jar:/Users/sudersonabasu/.m2/repository/org/seleniumhq/selenium/selenium-api/4.0.0/selenium-api-4.0.0.jar:/Users/sudersonabasu/.m2/repository/org/seleniumhq/selenium/selenium-chrome-driver/4.0.0/selenium-chrome-driver-4.0.0.jar:/Users/sudersonabasu/.m2/repository/com/google/auto/service/auto-service-annotations/1.0/auto-service-annotations-1.0.jar:/Users/sudersonabasu/.m2/repository/com/google/auto/service/auto-service/1.0/auto-service-1.0.jar:/Users/sudersonabasu/.m2/repository/com/google/auto/auto-common/1.0/auto-common-1.0.jar:/Users/sudersonabasu/.m2/repository/com/google/guava/guava/31.0.1-jre/guava-31.0.1-jre.jar:/Users/sudersonabasu/.m2/repository/com/google/guava/failureaccess/1.0.1/failureaccess-1.0.1.jar:/Users/sudersonabasu/.m2/repository/com/google/guava/listenablefuture/9999.0-empty-to-avoid-conflict-with-guava/listenablefuture-9999.0-empty-to-avoid-conflict-with-guava.jar:/Users/sudersonabasu/.m2/repository/com/google/code/findbugs/jsr305/3.0.2/jsr305-3.0.2.jar:/Users/sudersonabasu/.m2/repository/org/checkerframework/checker-qual/3.12.0/checker-qual-3.12.0.jar:/Users/sudersonabasu/.m2/repository/com/google/errorprone/error_prone_annotations/2.7.1/error_prone_annotations-2.7.1.jar:/Users/sudersonabasu/.m2/repository/com/google/j2objc/j2objc-annotations/1.3/j2objc-annotations-1.3.jar:/Users/sudersonabasu/.m2/repository/org/seleniumhq/selenium/selenium-chromium-driver/4.0.0/selenium-chromium-driver-4.0.0.jar:/Users/sudersonabasu/.m2/repository/org/seleniumhq/selenium/selenium-json/4.0.0/selenium-json-4.0.0.jar:/Users/sudersonabasu/.m2/repository/org/seleniumhq/selenium/selenium-devtools-v85/4.0.0/selenium-devtools-v85-4.0.0.jar:/Users/sudersonabasu/.m2/repository/org/seleniumhq/selenium/selenium-devtools-v93/4.0.0/selenium-devtools-v93-4.0.0.jar:/Users/sudersonabasu/.m2/repository/org/seleniumhq/selenium/selenium-devtools-v94/4.0.0/selenium-devtools-v94-4.0.0.jar:/Users/sudersonabasu/.m2/repository/org/seleniumhq/selenium/selenium-devtools-v95/4.0.0/selenium-devtools-v95-4.0.0.jar:/Users/sudersonabasu/.m2/repository/org/seleniumhq/selenium/selenium-edge-driver/4.0.0/selenium-edge-driver-4.0.0.jar:/Users/sudersonabasu/.m2/repository/org/seleniumhq/selenium/selenium-firefox-driver/4.0.0/selenium-firefox-driver-4.0.0.jar:/Users/sudersonabasu/.m2/repository/org/seleniumhq/selenium/selenium-firefox-xpi-driver/4.0.0/selenium-firefox-xpi-driver-4.0.0.jar:/Users/sudersonabasu/.m2/repository/org/seleniumhq/selenium/selenium-ie-driver/4.0.0/selenium-ie-driver-4.0.0.jar:/Users/sudersonabasu/.m2/repository/org/seleniumhq/selenium/selenium-opera-driver/4.0.0/selenium-opera-driver-4.0.0.jar:/Users/sudersonabasu/.m2/repository/org/seleniumhq/selenium/selenium-remote-driver/4.0.0/selenium-remote-driver-4.0.0.jar:/Users/sudersonabasu/.m2/repository/io/netty/netty-buffer/4.1.68.Final/netty-buffer-4.1.68.Final.jar:/Users/sudersonabasu/.m2/repository/io/netty/netty-codec-http/4.1.67.Final/netty-codec-http-4.1.67.Final.jar:/Users/sudersonabasu/.m2/repository/io/netty/netty-codec/4.1.67.Final/netty-codec-4.1.67.Final.jar:/Users/sudersonabasu/.m2/repository/io/netty/netty-handler/4.1.67.Final/netty-handler-4.1.67.Final.jar:/Users/sudersonabasu/.m2/repository/io/netty/netty-common/4.1.68.Final/netty-common-4.1.68.Final.jar:/Users/sudersonabasu/.m2/repository/io/netty/netty-transport-native-epoll/4.1.67.Final/netty-transport-native-epoll-4.1.67.Final.jar:/Users/sudersonabasu/.m2/repository/io/netty/netty-transport-native-kqueue/4.1.67.Final/netty-transport-native-kqueue-4.1.67.Final.jar:/Users/sudersonabasu/.m2/repository/io/netty/netty-transport-native-unix-common/4.1.67.Final/netty-transport-native-unix-common-4.1.67.Final.jar:/Users/sudersonabasu/.m2/repository/io/netty/netty-transport/4.1.68.Final/netty-transport-4.1.68.Final.jar:/Users/sudersonabasu/.m2/repository/io/netty/netty-resolver/4.1.68.Final/netty-resolver-4.1.68.Final.jar:/Users/sudersonabasu/.m2/repository/io/opentelemetry/opentelemetry-api/1.6.0/opentelemetry-api-1.6.0.jar:/Users/sudersonabasu/.m2/repository/io/opentelemetry/opentelemetry-context/1.6.0/opentelemetry-context-1.6.0.jar:/Users/sudersonabasu/.m2/repository/io/opentelemetry/opentelemetry-exporter-logging/1.6.0/opentelemetry-exporter-logging-1.6.0.jar:/Users/sudersonabasu/.m2/repository/io/opentelemetry/opentelemetry-sdk-metrics/1.6.0-alpha/opentelemetry-sdk-metrics-1.6.0-alpha.jar:/Users/sudersonabasu/.m2/repository/io/opentelemetry/opentelemetry-sdk-common/1.6.0/opentelemetry-sdk-common-1.6.0.jar:/Users/sudersonabasu/.m2/repository/io/opentelemetry/opentelemetry-sdk-extension-autoconfigure-spi/1.6.0/opentelemetry-sdk-extension-autoconfigure-spi-1.6.0.jar:/Users/sudersonabasu/.m2/repository/io/opentelemetry/opentelemetry-sdk-extension-autoconfigure/1.6.0-alpha/opentelemetry-sdk-extension-autoconfigure-1.6.0-alpha.jar:/Users/sudersonabasu/.m2/repository/io/opentelemetry/opentelemetry-sdk-trace/1.6.0/opentelemetry-sdk-trace-1.6.0.jar:/Users/sudersonabasu/.m2/repository/io/opentelemetry/opentelemetry-api-metrics/1.6.0-alpha/opentelemetry-api-metrics-1.6.0-alpha.jar:/Users/sudersonabasu/.m2/repository/io/opentelemetry/opentelemetry-sdk/1.6.0/opentelemetry-sdk-1.6.0.jar:/Users/sudersonabasu/.m2/repository/io/opentelemetry/opentelemetry-semconv/1.6.0-alpha/opentelemetry-semconv-1.6.0-alpha.jar:/Users/sudersonabasu/.m2/repository/io/ous/jtoml/2.0.0/jtoml-2.0.0.jar:/Users/sudersonabasu/.m2/repository/net/bytebuddy/byte-buddy/1.11.19/byte-buddy-1.11.19.jar:/Users/sudersonabasu/.m2/repository/org/apache/commons/commons-exec/1.3/commons-exec-1.3.jar:/Users/sudersonabasu/.m2/repository/org/asynchttpclient/async-http-client/2.12.3/async-http-client-2.12.3.jar:/Users/sudersonabasu/.m2/repository/org/asynchttpclient/async-http-client-netty-utils/2.12.3/async-http-client-netty-utils-2.12.3.jar:/Users/sudersonabasu/.m2/repository/io/netty/netty-codec-socks/4.1.60.Final/netty-codec-socks-4.1.60.Final.jar:/Users/sudersonabasu/.m2/repository/io/netty/netty-handler-proxy/4.1.60.Final/netty-handler-proxy-4.1.60.Final.jar:/Users/sudersonabasu/.m2/repository/io/netty/netty-transport-native-epoll/4.1.60.Final/netty-transport-native-epoll-4.1.60.Final-linux-x86_64.jar:/Users/sudersonabasu/.m2/repository/io/netty/netty-transport-native-kqueue/4.1.60.Final/netty-transport-native-kqueue-4.1.60.Final-osx-x86_64.jar:/Users/sudersonabasu/.m2/repository/org/reactivestreams/reactive-streams/1.0.3/reactive-streams-1.0.3.jar:/Users/sudersonabasu/.m2/repository/com/typesafe/netty/netty-reactive-streams/2.0.4/netty-reactive-streams-2.0.4.jar:/Users/sudersonabasu/.m2/repository/com/sun/activation/jakarta.activation/1.2.2/jakarta.activation-1.2.2.jar:/Users/sudersonabasu/.m2/repository/org/seleniumhq/selenium/selenium-http/4.0.0/selenium-http-4.0.0.jar:/Users/sudersonabasu/.m2/repository/org/seleniumhq/selenium/selenium-safari-driver/4.0.0/selenium-safari-driver-4.0.0.jar:/Users/sudersonabasu/.m2/repository/org/seleniumhq/selenium/selenium-support/4.0.0/selenium-support-4.0.0.jar:/Users/sudersonabasu/.m2/repository/io/cucumber/cucumber-java/7.0.0/cucumber-java-7.0.0.jar:/Users/sudersonabasu/.m2/repository/io/cucumber/cucumber-core/7.0.0/cucumber-core-7.0.0.jar:/Users/sudersonabasu/.m2/repository/io/cucumber/cucumber-gherkin/7.0.0/cucumber-gherkin-7.0.0.jar:/Users/sudersonabasu/.m2/repository/io/cucumber/cucumber-gherkin-messages/7.0.0/cucumber-gherkin-messages-7.0.0.jar:/Users/sudersonabasu/.m2/repository/io/cucumber/messages/17.1.1/messages-17.1.1.jar:/Users/sudersonabasu/.m2/repository/io/cucumber/tag-expressions/4.0.2/tag-expressions-4.0.2.jar:/Users/sudersonabasu/.m2/repository/io/cucumber/cucumber-expressions/13.0.1/cucumber-expressions-13.0.1.jar:/Users/sudersonabasu/.m2/repository/io/cucumber/datatable/7.0.0/datatable-7.0.0.jar:/Users/sudersonabasu/.m2/repository/io/cucumber/cucumber-plugin/7.0.0/cucumber-plugin-7.0.0.jar:/Users/sudersonabasu/.m2/repository/io/cucumber/docstring/7.0.0/docstring-7.0.0.jar:/Users/sudersonabasu/.m2/repository/io/cucumber/html-formatter/17.0.0/html-formatter-17.0.0.jar:/Users/sudersonabasu/.m2/repository/io/cucumber/create-meta/6.0.1/create-meta-6.0.1.jar:/Users/sudersonabasu/.m2/repository/org/apiguardian/apiguardian-api/1.1.2/apiguardian-api-1.1.2.jar:/Users/sudersonabasu/.m2/repository/io/cucumber/cucumber-junit/7.0.0/cucumber-junit-7.0.0.jar:/Users/sudersonabasu/.m2/repository/junit/junit/4.13.2/junit-4.13.2.jar:/Users/sudersonabasu/.m2/repository/org/hamcrest/hamcrest-core/1.3/hamcrest-core-1.3.jar:/Users/sudersonabasu/.m2/repository/io/cucumber/cucumber-testng/7.11.0/cucumber-testng-7.11.0.jar:/Users/sudersonabasu/.m2/repository/org/testng/testng/7.4.0/testng-7.4.0.jar:/Users/sudersonabasu/.m2/repository/com/beust/jcommander/1.78/jcommander-1.78.jar:/Users/sudersonabasu/.m2/repository/org/webjars/jquery/3.5.1/jquery-3.5.1.jar:/Users/sudersonabasu/.m2/repository/io/github/bonigarcia/webdrivermanager/5.3.0/webdrivermanager-5.3.0.jar:/Users/sudersonabasu/.m2/repository/org/slf4j/slf4j-api/1.7.36/slf4j-api-1.7.36.jar:/Users/sudersonabasu/.m2/repository/com/google/code/gson/gson/2.9.1/gson-2.9.1.jar:/Users/sudersonabasu/.m2/repository/com/github/docker-java/docker-java/3.2.13/docker-java-3.2.13.jar:/Users/sudersonabasu/.m2/repository/com/github/docker-java/docker-java-core/3.2.13/docker-java-core-3.2.13.jar:/Users/sudersonabasu/.m2/repository/com/github/docker-java/docker-java-api/3.2.13/docker-java-api-3.2.13.jar:/Users/sudersonabasu/.m2/repository/com/fasterxml/jackson/core/jackson-annotations/2.10.3/jackson-annotations-2.10.3.jar:/Users/sudersonabasu/.m2/repository/commons-io/commons-io/2.6/commons-io-2.6.jar:/Users/sudersonabasu/.m2/repository/org/apache/commons/commons-compress/1.21/commons-compress-1.21.jar:/Users/sudersonabasu/.m2/repository/com/fasterxml/jackson/core/jackson-databind/2.10.3/jackson-databind-2.10.3.jar:/Users/sudersonabasu/.m2/repository/com/fasterxml/jackson/core/jackson-core/2.10.3/jackson-core-2.10.3.jar:/Users/sudersonabasu/.m2/repository/org/bouncycastle/bcpkix-jdk15on/1.64/bcpkix-jdk15on-1.64.jar:/Users/sudersonabasu/.m2/repository/org/bouncycastle/bcprov-jdk15on/1.64/bcprov-jdk15on-1.64.jar:/Users/sudersonabasu/.m2/repository/org/slf4j/jcl-over-slf4j/1.7.30/jcl-over-slf4j-1.7.30.jar:/Users/sudersonabasu/.m2/repository/com/github/docker-java/docker-java-transport-httpclient5/3.2.13/docker-java-transport-httpclient5-3.2.13.jar:/Users/sudersonabasu/.m2/repository/com/github/docker-java/docker-java-transport/3.2.13/docker-java-transport-3.2.13.jar:/Users/sudersonabasu/.m2/repository/net/java/dev/jna/jna/5.8.0/jna-5.8.0.jar:/Users/sudersonabasu/.m2/repository/org/brotli/dec/0.1.2/dec-0.1.2.jar:/Users/sudersonabasu/.m2/repository/org/apache/commons/commons-lang3/3.12.0/commons-lang3-3.12.0.jar:/Users/sudersonabasu/.m2/repository/org/apache/httpcomponents/client5/httpclient5/5.1.3/httpclient5-5.1.3.jar:/Users/sudersonabasu/.m2/repository/org/apache/httpcomponents/core5/httpcore5/5.1.3/httpcore5-5.1.3.jar:/Users/sudersonabasu/.m2/repository/org/apache/httpcomponents/core5/httpcore5-h2/5.1.3/httpcore5-h2-5.1.3.jar:/Users/sudersonabasu/.m2/repository/commons-codec/commons-codec/1.15/commons-codec-1.15.jar:"/>
    <property name="sun.cpu.endian" value="little"/>
    <property name="user.home" value="/Users/sudersonabasu"/>
    <property name="user.language" value="en"/>
    <property name="java.specification.vendor" value="Oracle Corporation"/>
    <property name="java.version.date" value="2024-07-16"/>
    <property name="java.home" value="/usr/local/Cellar/openjdk/22.0.2/libexec/openjdk.jdk/Contents/Home"/>
    <property name="file.separator" value="/"/>
    <property name="basedir" value="/Users/sudersonabasu/IdeaProjects/TestFrameworkSeleniumCucumber"/>
    <property name="java.vm.compressedOopsMode" value="Zero based"/>
    <property name="line.separator" value="&#10;"/>
    <property name="java.vm.specification.vendor" value="Oracle Corporation"/>
    <property name="java.specification.name" value="Java Platform API Specification"/>
    <property name="apple.awt.application.name" value="ForkedBooter"/>
    <property name="surefire.real.class.path" value="/Users/sudersonabasu/IdeaProjects/TestFrameworkSeleniumCucumber/target/surefire/surefirebooter-20240823161039151_3.jar"/>
    <property name="sun.management.compiler" value="HotSpot 64-Bit Tiered Compilers"/>
    <property name="ftp.nonProxyHosts" value="local|*.local|169.254/16|*.169.254/16"/>
    <property name="java.runtime.version" value="22.0.2"/>
    <property name="user.name" value="sudersonabasu"/>
    <property name="stdout.encoding" value="UTF-8"/>
    <property name="path.separator" value=":"/>
    <property name="os.version" value="12.7.6"/>
    <property name="java.runtime.name" value="OpenJDK Runtime Environment"/>
    <property name="file.encoding" value="UTF-8"/>
    <property name="sun.nio.ch.bugLevel" value=""/>
    <property name="java.vm.name" value="OpenJDK 64-Bit Server VM"/>
    <property name="java.vendor.version" value="Homebrew"/>
    <property name="localRepository" value="/Users/sudersonabasu/.m2/repository"/>
    <property name="java.vendor.url.bug" value="https://github.com/Homebrew/homebrew-core/issues"/>
    <property name="java.io.tmpdir" value="/var/folders/pd/l3nlxjtx2z3g61ptsf100kqr0000gn/T/"/>
    <property name="java.version" value="22.0.2"/>
    <property name="user.dir" value="/Users/sudersonabasu/IdeaProjects/TestFrameworkSeleniumCucumber"/>
    <property name="os.arch" value="x86_64"/>
    <property name="webdriver.gecko.driver" value="/usr/local/bin/geckodriver"/>
    <property name="java.vm.specification.name" value="Java Virtual Machine Specification"/>
    <property name="native.encoding" value="UTF-8"/>
    <property name="java.library.path" value="/Users/sudersonabasu/Library/Java/Extensions:/Library/Java/Extensions:/Network/Library/Java/Extensions:/System/Library/Java/Extensions:/usr/lib/java:."/>
    <property name="java.vm.info" value="mixed mode, sharing"/>
    <property name="stderr.encoding" value="UTF-8"/>
    <property name="java.vendor" value="Homebrew"/>
    <property name="java.vm.version" value="22.0.2"/>
    <property name="sun.io.unicode.encoding" value="UnicodeBig"/>
    <property name="socksNonProxyHosts" value="local|*.local|169.254/16|*.169.254/16"/>
    <property name="java.class.version" value="66.0"/>
  </properties>
  <testcase name="runScenario[&quot;Handle the Cookie&quot;, &quot;Login Feature&quot;](1)" classname="Important.TestRunner" time="0.294">
    <failure message="Cannot invoke &quot;Important.CommonMethods.assertElementIsDisplayed(org.openqa.selenium.By)&quot; because &quot;StepDefinitions.Login.commonMethods&quot; is null" type="java.lang.NullPointerException"><![CDATA[java.lang.NullPointerException: Cannot invoke "Important.CommonMethods.assertElementIsDisplayed(org.openqa.selenium.By)" because "StepDefinitions.Login.commonMethods" is null
	at StepDefinitions.Login.PopUpDisappears(Login.java:59)
	at ✽.Cookie pop-up disappears(file:///Users/sudersonabasu/IdeaProjects/TestFrameworkSeleniumCucumber/src/test/resources/FeatureFiles/Login.feature:6)
]]></failure>
    <system-out><![CDATA[
Scenario: Handle the Cookie                         &amp#27;[90m# src/test/resources/FeatureFiles/Login.feature:3&amp#27;[0m
The element is not displayed.
  &amp#27;[32mGiven &amp#27;[0m&amp#27;[32mBefore you start shopping Cookie is visible&amp#27;[0m &amp#27;[90m# StepDefinitions.Login.CookiePopup()&amp#27;[0m
The element is not displayed.
  &amp#27;[32mWhen &amp#27;[0m&amp#27;[32mUser Clicks on Accept Cookie&amp#27;[0m                 &amp#27;[90m# StepDefinitions.Login.ClickAccept()&amp#27;[0m
  &amp#27;[31mThen &amp#27;[0m&amp#27;[31mCookie pop-up disappears&amp#27;[0m                     &amp#27;[90m# StepDefinitions.Login.PopUpDisappears()&amp#27;[0m
      &amp#27;[31mjava.lang.NullPointerException: Cannot invoke "Important.CommonMethods.assertElementIsDisplayed(org.openqa.selenium.By)" because "StepDefinitions.Login.commonMethods" is null
	at StepDefinitions.Login.PopUpDisappears(Login.java:59)
	at ✽.Cookie pop-up disappears(file:///Users/sudersonabasu/IdeaProjects/TestFrameworkSeleniumCucumber/src/test/resources/FeatureFiles/Login.feature:6)
&amp#27;[0m
]]></system-out>
    <system-err><![CDATA[SLF4J: Failed to load class "org.slf4j.impl.StaticLoggerBinder".
SLF4J: Defaulting to no-operation (NOP) logger implementation
SLF4J: See http://www.slf4j.org/codes.html#StaticLoggerBinder for further details.
1724409644173	geckodriver	INFO	Listening on 127.0.0.1:58330
1724409650009	mozrunner::runner	INFO	Running command: MOZ_CRASHREPORTER="1" MOZ_CRASHREPORTER_NO_REPORT="1" MOZ_CRASHREPORTER_SHUTDOWN="1" MOZ_NO_REMOTE="1" "/App ... s" "localhost" "-foreground" "-no-remote" "-profile" "/var/folders/pd/l3nlxjtx2z3g61ptsf100kqr0000gn/T/rust_mozprofile8ryfLA"
console.warn: services.settings: Ignoring preference override of remote settings server
console.warn: services.settings: Allow by setting MOZ_REMOTE_SETTINGS_DEVTOOLS=1 in the environment
1724409650664	Marionette	INFO	Marionette enabled
console.error: "Warning: unrecognized command line flag" "-remote-allow-hosts"
1724409651299	Marionette	INFO	Listening on port 54288
WebDriver BiDi listening on ws://127.0.0.1:63195
Read port: 54288
2024-08-23 16:10:51.431 plugin-container[31702:1264644] nil host used in call to allowsSpecificHTTPSCertificateForHost
2024-08-23 16:10:51.431 plugin-container[31702:1264644] nil host used in call to allowsAnyHTTPSCertificateForHost:
2024-08-23 16:10:51.441 plugin-container[31702:1264644] nil host used in call to allowsSpecificHTTPSCertificateForHost
2024-08-23 16:10:51.441 plugin-container[31702:1264644] nil host used in call to allowsAnyHTTPSCertificateForHost:
2024-08-23 16:10:51.442 plugin-container[31702:1264649] nil host used in call to allowsSpecificHTTPSCertificateForHost
2024-08-23 16:10:51.442 plugin-container[31702:1264649] nil host used in call to allowsAnyHTTPSCertificateForHost:
1724409651769	RemoteAgent	WARN	TLS certificate errors will be ignored for this session
Aug 23, 2024 4:10:53 PM org.openqa.selenium.remote.ProtocolHandshake createSession
INFO: Detected dialect: W3C
2024-08-23 10:40:53.819 plugin-container[31705:1264793] nil host used in call to allowsSpecificHTTPSCertificateForHost
2024-08-23 10:40:53.819 plugin-container[31705:1264793] nil host used in call to allowsAnyHTTPSCertificateForHost:
2024-08-23 10:40:53.825 plugin-container[31705:1264793] nil host used in call to allowsSpecificHTTPSCertificateForHost
2024-08-23 10:40:53.825 plugin-container[31705:1264793] nil host used in call to allowsAnyHTTPSCertificateForHost:
2024-08-23 10:40:53.826 plugin-container[31705:1264792] nil host used in call to allowsSpecificHTTPSCertificateForHost
2024-08-23 10:40:53.826 plugin-container[31705:1264792] nil host used in call to allowsAnyHTTPSCertificateForHost:
JavaScript error: https://www2.hm.com/en_in/index.html, line 13: SyntaxError: expected expression, got '&'
JavaScript warning: https://www2.hm.com/QeMM/fi-g/qbEga/N37-Q/N1X9czLtEJVw/J00FPXoLAw/Yzs_LV9/ITh8, line 1: unreachable code after return statement
JavaScript warning: https://www2.hm.com/index/_next/static/chunks/main-e2d273f6b920841c.js, line 1: unreachable code after return statement
JavaScript warning: https://www2.hm.com/QeMM/fi-g/qbEga/N37-Q/N1X9czLtEJVw/J00FPXoLAw/Yzs_LV9/ITh8, line 1: WEBGL_debug_renderer_info is deprecated in Firefox and will be removed. Please use RENDERER.
JavaScript warning: https://www2.hm.com/QeMM/fi-g/qbEga/N37-Q/N1X9czLtEJVw/J00FPXoLAw/Yzs_LV9/ITh8, line 1: WEBGL_debug_renderer_info is deprecated in Firefox and will be removed. Please use RENDERER.
JavaScript warning: https://www2.hm.com/QeMM/fi-g/qbEga/N37-Q/N1X9czLtEJVw/J00FPXoLAw/Yzs_LV9/ITh8, line 1: WEBGL_debug_renderer_info is deprecated in Firefox and will be removed. Please use RENDERER.
]]></system-err>
  </testcase>
</testsuite>